Using pre-set license
Built from '2020.3/staging' branch; Version is '2020.3.5f1 (8095aa901b9b) revision 8426922'; Using compiler version '192528614'; Build Type 'Release'
OS: 'Windows 10 Home; OS build 19043.1165; Version 2009; 64bit' Language: 'en' Physical Memory: 16225 MB
BatchMode: 1, IsHumanControllingUs: 0, StartBugReporterOnCrash: 0, Is64bit: 1, IsPro: 0

 COMMAND LINE ARGUMENTS:
C:\Documents\Unity Editors\2020.3.5f1\Editor\Unity.exe
-adb2
-batchMode
-noUpm
-name
AssetImportWorker0
-projectPath
C:/Users/Lily/Documents/Unity/Team Lead 2
-logFile
Logs/AssetImportWorker0.log
-srvPort
61923
Successfully changed project path to: C:/Users/Lily/Documents/Unity/Team Lead 2
C:/Users/Lily/Documents/Unity/Team Lead 2
Using Asset Import Pipeline V2.
Refreshing native plugins compatible for Editor in 112.17 ms, found 1 plugins.
Preloading 0 native plugins for Editor in 0.00 ms.
Initialize engine version: 2020.3.5f1 (8095aa901b9b)
[Subsystems] Discovering subsystems at path C:/Documents/Unity Editors/2020.3.5f1/Editor/Data/Resources/UnitySubsystems
[Subsystems] Discovering subsystems at path C:/Users/Lily/Documents/Unity/Team Lead 2/Assets
GfxDevice: creating device client; threaded=0
Direct3D:
    Version:  Direct3D 11.0 [level 11.1]
    Renderer: Intel(R) UHD Graphics 620 (ID=0x5917)
    Vendor:   
    VRAM:     8112 MB
    Driver:   23.20.16.5044
Initialize mono
Mono path[0] = 'C:/Documents/Unity Editors/2020.3.5f1/Editor/Data/Managed'
Mono path[1] = 'C:/Documents/Unity Editors/2020.3.5f1/Editor/Data/MonoBleedingEdge/lib/mono/unityjit'
Mono config path = 'C:/Documents/Unity Editors/2020.3.5f1/Editor/Data/MonoBleedingEdge/etc'
Using monoOptions --debugger-agent=transport=dt_socket,embedding=1,server=y,suspend=n,address=127.0.0.1:56776
Begin MonoManager ReloadAssembly
Registering precompiled unity dll's ...
Register platform support module: C:/Documents/Unity Editors/2020.3.5f1/Editor/Data/PlaybackEngines/WebGLSupport/UnityEditor.WebGL.Extensions.dll
Register platform support module: C:/Documents/Unity Editors/2020.3.5f1/Editor/Data/PlaybackEngines/MacStandaloneSupport/UnityEditor.OSXStandalone.Extensions.dll
Register platform support module: C:/Documents/Unity Editors/2020.3.5f1/Editor/Data/PlaybackEngines/WindowsStandaloneSupport/UnityEditor.WindowsStandalone.Extensions.dll
Registered in 0.008628 seconds.
Native extension for WindowsStandalone target not found
Native extension for OSXStandalone target not found
Native extension for WebGL target not found
Refreshing native plugins compatible for Editor in 97.01 ms, found 1 plugins.
Preloading 0 native plugins for Editor in 0.00 ms.
Mono: successfully reloaded assembly
- Completed reload, in  4.887 seconds
Platform modules already initialized, skipping
Registering precompiled user dll's ...
Registered in 0.002421 seconds.
Begin MonoManager ReloadAssembly
Native extension for WindowsStandalone target not found
Native extension for OSXStandalone target not found
Native extension for WebGL target not found
Refreshing native plugins compatible for Editor in 105.72 ms, found 1 plugins.
Preloading 0 native plugins for Editor in 0.00 ms.
Mono: successfully reloaded assembly
- Completed reload, in  2.675 seconds
Platform modules already initialized, skipping
========================================================================
Worker process is ready to serve import requests
Launched and connected shader compiler UnityShaderCompiler.exe after 0.10 seconds
Refreshing native plugins compatible for Editor in 0.74 ms, found 1 plugins.
Preloading 0 native plugins for Editor in 0.00 ms.
Unloading 2125 Unused Serialized files (Serialized files now loaded: 0)
System memory in use before: 96.3 MB.
System memory in use after: 96.3 MB.

Unloading 26 unused Assets to reduce memory usage. Loaded Objects now: 2570.
Total: 4.208500 ms (FindLiveObjects: 0.320200 ms CreateObjectMapping: 0.184200 ms MarkObjects: 3.477700 ms  DeleteObjects: 0.224100 ms)

========================================================================
Received Import Request.
  path: Assets/Tiles/Demo Scene/Neighbor.asset
  artifactKey: Guid(a9d42ad3ce15acf4da7ab2764f491030) Importer(815301076,1909f56bfc062723c751e8b465ee728b)
Start importing Assets/Tiles/Demo Scene/Neighbor.asset using Guid(a9d42ad3ce15acf4da7ab2764f491030) Importer(815301076,1909f56bfc062723c751e8b465ee728b)  -> (artifact id: 'e3a4abdf58402b748d9cb8a435d9d6e3') in 0.298868 seconds
  Import took 0.309900 seconds .

========================================================================
Received Import Request.
  Time since last request: 0.000591 seconds.
  path: Assets/Scenes/Game Scene.unity
  artifactKey: Guid(2cda990e2423bbf4892e6590ba056729) Importer(815301076,1909f56bfc062723c751e8b465ee728b)
Start importing Assets/Scenes/Game Scene.unity using Guid(2cda990e2423bbf4892e6590ba056729) Importer(815301076,1909f56bfc062723c751e8b465ee728b)  -> (artifact id: 'ff5accfdb4e27e11f599447f426b72f6') in 0.015476 seconds
  Import took 0.026137 seconds .

========================================================================
Received Import Request.
  Time since last request: 0.000478 seconds.
  path: Assets/Tiles/Demo Scene/Test.asset
  artifactKey: Guid(3ee83095bd042b34cb908baa1ddd69e2) Importer(815301076,1909f56bfc062723c751e8b465ee728b)
Start importing Assets/Tiles/Demo Scene/Test.asset using Guid(3ee83095bd042b34cb908baa1ddd69e2) Importer(815301076,1909f56bfc062723c751e8b465ee728b)  -> (artifact id: '31dda3d37b6fc1e2ae758f9029eebb3d') in 0.064562 seconds
  Import took 0.072133 seconds .

========================================================================
Received Import Request.
  Time since last request: 0.000502 seconds.
  path: Assets/Tiles/Demo Scene/Visual.asset
  artifactKey: Guid(31a4a804183ed764bb0387e742a7400e) Importer(815301076,1909f56bfc062723c751e8b465ee728b)
Start importing Assets/Tiles/Demo Scene/Visual.asset using Guid(31a4a804183ed764bb0387e742a7400e) Importer(815301076,1909f56bfc062723c751e8b465ee728b)  -> (artifact id: '3ef8bd49a74cdea862375611790967d2') in 0.038193 seconds
  Import took 0.046529 seconds .

========================================================================
Received Prepare
Registering precompiled user dll's ...
Registered in 0.002574 seconds.
Begin MonoManager ReloadAssembly
Native extension for WindowsStandalone target not found
Native extension for OSXStandalone target not found
Native extension for WebGL target not found
Refreshing native plugins compatible for Editor in 1.18 ms, found 1 plugins.
Preloading 0 native plugins for Editor in 0.00 ms.
Mono: successfully reloaded assembly
- Completed reload, in  2.339 seconds
Platform modules already initialized, skipping
Refreshing native plugins compatible for Editor in 0.93 ms, found 1 plugins.
Preloading 0 native plugins for Editor in 0.00 ms.
Unloading 2120 Unused Serialized files (Serialized files now loaded: 0)
System memory in use before: 99.4 MB.
System memory in use after: 99.4 MB.

Unloading 12 unused Assets to reduce memory usage. Loaded Objects now: 2578.
Total: 4.898900 ms (FindLiveObjects: 0.434800 ms CreateObjectMapping: 0.221300 ms MarkObjects: 4.033800 ms  DeleteObjects: 0.206400 ms)

========================================================================
Received Import Request.
  Time since last request: 311.861278 seconds.
  path: Assets/Tiles/Demo Scene/SampleTiles.png
  artifactKey: Guid(c416a4726160fac42b05acd684f84721) Importer(815301076,1909f56bfc062723c751e8b465ee728b)
Start importing Assets/Tiles/Demo Scene/SampleTiles.png using Guid(c416a4726160fac42b05acd684f84721) Importer(815301076,1909f56bfc062723c751e8b465ee728b)  -> (artifact id: 'c33896cb29c883886ab02741537d3176') in 0.264157 seconds
  Import took 0.272597 seconds .

