Using pre-set license
Built from '2020.3/staging' branch; Version is '2020.3.5f1 (8095aa901b9b) revision 8426922'; Using compiler version '192528614'; Build Type 'Release'
OS: 'Windows 10 Home; OS build 19043.1165; Version 2009; 64bit' Language: 'en' Physical Memory: 16225 MB
BatchMode: 1, IsHumanControllingUs: 0, StartBugReporterOnCrash: 0, Is64bit: 1, IsPro: 0

 COMMAND LINE ARGUMENTS:
C:\Documents\Unity Editors\2020.3.5f1\Editor\Unity.exe
-adb2
-batchMode
-noUpm
-name
AssetImportWorker0
-projectPath
C:/Users/Lily/Documents/Unity/Team Lead 2
-logFile
Logs/AssetImportWorker0.log
-srvPort
55797
Successfully changed project path to: C:/Users/Lily/Documents/Unity/Team Lead 2
C:/Users/Lily/Documents/Unity/Team Lead 2
Using Asset Import Pipeline V2.
Refreshing native plugins compatible for Editor in 72.88 ms, found 1 plugins.
Preloading 0 native plugins for Editor in 0.00 ms.
Initialize engine version: 2020.3.5f1 (8095aa901b9b)
[Subsystems] Discovering subsystems at path C:/Documents/Unity Editors/2020.3.5f1/Editor/Data/Resources/UnitySubsystems
[Subsystems] Discovering subsystems at path C:/Users/Lily/Documents/Unity/Team Lead 2/Assets
GfxDevice: creating device client; threaded=0
Direct3D:
    Version:  Direct3D 11.0 [level 11.1]
    Renderer: Intel(R) UHD Graphics 620 (ID=0x5917)
    Vendor:   
    VRAM:     8112 MB
    Driver:   23.20.16.5044
Initialize mono
Mono path[0] = 'C:/Documents/Unity Editors/2020.3.5f1/Editor/Data/Managed'
Mono path[1] = 'C:/Documents/Unity Editors/2020.3.5f1/Editor/Data/MonoBleedingEdge/lib/mono/unityjit'
Mono config path = 'C:/Documents/Unity Editors/2020.3.5f1/Editor/Data/MonoBleedingEdge/etc'
Using monoOptions --debugger-agent=transport=dt_socket,embedding=1,server=y,suspend=n,address=127.0.0.1:56516
Begin MonoManager ReloadAssembly
Registering precompiled unity dll's ...
Register platform support module: C:/Documents/Unity Editors/2020.3.5f1/Editor/Data/PlaybackEngines/WebGLSupport/UnityEditor.WebGL.Extensions.dll
Register platform support module: C:/Documents/Unity Editors/2020.3.5f1/Editor/Data/PlaybackEngines/MacStandaloneSupport/UnityEditor.OSXStandalone.Extensions.dll
Register platform support module: C:/Documents/Unity Editors/2020.3.5f1/Editor/Data/PlaybackEngines/WindowsStandaloneSupport/UnityEditor.WindowsStandalone.Extensions.dll
Registered in 0.003783 seconds.
Native extension for WindowsStandalone target not found
Native extension for OSXStandalone target not found
Native extension for WebGL target not found
Refreshing native plugins compatible for Editor in 60.66 ms, found 1 plugins.
Preloading 0 native plugins for Editor in 0.00 ms.
Mono: successfully reloaded assembly
- Completed reload, in  2.683 seconds
Platform modules already initialized, skipping
Registering precompiled user dll's ...
Registered in 0.001365 seconds.
Begin MonoManager ReloadAssembly
Native extension for WindowsStandalone target not found
Native extension for OSXStandalone target not found
Native extension for WebGL target not found
Refreshing native plugins compatible for Editor in 66.78 ms, found 1 plugins.
Preloading 0 native plugins for Editor in 0.00 ms.
Mono: successfully reloaded assembly
- Completed reload, in  1.402 seconds
Platform modules already initialized, skipping
========================================================================
Worker process is ready to serve import requests
Launched and connected shader compiler UnityShaderCompiler.exe after 0.06 seconds
Refreshing native plugins compatible for Editor in 0.60 ms, found 1 plugins.
Preloading 0 native plugins for Editor in 0.00 ms.
Unloading 2136 Unused Serialized files (Serialized files now loaded: 0)
System memory in use before: 96.7 MB.
System memory in use after: 96.6 MB.

Unloading 26 unused Assets to reduce memory usage. Loaded Objects now: 2582.
Total: 3.813200 ms (FindLiveObjects: 0.432000 ms CreateObjectMapping: 0.174900 ms MarkObjects: 3.033900 ms  DeleteObjects: 0.170300 ms)

========================================================================
Received Import Request.
  path: Assets/Scenes 1/AstroMovement.cs
  artifactKey: Guid(4aa0d72d16f3d73458048b36d10f77fa) Importer(815301076,1909f56bfc062723c751e8b465ee728b)
Start importing Assets/Scenes 1/AstroMovement.cs using Guid(4aa0d72d16f3d73458048b36d10f77fa) Importer(815301076,1909f56bfc062723c751e8b465ee728b)  -> (artifact id: 'd8ecf9a9786244528df9e33609703be7') in 0.056281 seconds
  Import took 0.061565 seconds .

========================================================================
Received Prepare
Registering precompiled user dll's ...
Registered in 0.001393 seconds.
Begin MonoManager ReloadAssembly
Native extension for WindowsStandalone target not found
Native extension for OSXStandalone target not found
Native extension for WebGL target not found
Refreshing native plugins compatible for Editor in 0.83 ms, found 1 plugins.
Preloading 0 native plugins for Editor in 0.00 ms.
Mono: successfully reloaded assembly
- Completed reload, in  0.996 seconds
Platform modules already initialized, skipping
Refreshing native plugins compatible for Editor in 0.42 ms, found 1 plugins.
Preloading 0 native plugins for Editor in 0.00 ms.
Unloading 2131 Unused Serialized files (Serialized files now loaded: 0)
System memory in use before: 96.8 MB.
System memory in use after: 96.8 MB.

Unloading 12 unused Assets to reduce memory usage. Loaded Objects now: 2586.
Total: 3.091400 ms (FindLiveObjects: 0.464300 ms CreateObjectMapping: 0.248200 ms MarkObjects: 2.272400 ms  DeleteObjects: 0.105500 ms)

========================================================================
Received Import Request.
  Time since last request: 83.100370 seconds.
  path: Assets/Scenes 1/AstroMovement.cs
  artifactKey: Guid(4aa0d72d16f3d73458048b36d10f77fa) Importer(815301076,1909f56bfc062723c751e8b465ee728b)
Start importing Assets/Scenes 1/AstroMovement.cs using Guid(4aa0d72d16f3d73458048b36d10f77fa) Importer(815301076,1909f56bfc062723c751e8b465ee728b)  -> (artifact id: 'c63bf00f2cbca70b2838e0980079a22f') in 0.005445 seconds
  Import took 0.008891 seconds .

========================================================================
Received Prepare
Registering precompiled user dll's ...
Registered in 0.001922 seconds.
Begin MonoManager ReloadAssembly
Native extension for WindowsStandalone target not found
Native extension for OSXStandalone target not found
Native extension for WebGL target not found
Refreshing native plugins compatible for Editor in 0.92 ms, found 1 plugins.
Preloading 0 native plugins for Editor in 0.00 ms.
Mono: successfully reloaded assembly
- Completed reload, in  1.432 seconds
Platform modules already initialized, skipping
Refreshing native plugins compatible for Editor in 0.68 ms, found 1 plugins.
Preloading 0 native plugins for Editor in 0.00 ms.
Unloading 2131 Unused Serialized files (Serialized files now loaded: 0)
System memory in use before: 96.8 MB.
System memory in use after: 96.8 MB.

Unloading 12 unused Assets to reduce memory usage. Loaded Objects now: 2590.
Total: 2.919400 ms (FindLiveObjects: 0.240800 ms CreateObjectMapping: 0.164200 ms MarkObjects: 2.384800 ms  DeleteObjects: 0.128500 ms)

========================================================================
Received Import Request.
  Time since last request: 44.066724 seconds.
  path: Assets/Scenes 1/AstroMovement.cs
  artifactKey: Guid(4aa0d72d16f3d73458048b36d10f77fa) Importer(815301076,1909f56bfc062723c751e8b465ee728b)
Start importing Assets/Scenes 1/AstroMovement.cs using Guid(4aa0d72d16f3d73458048b36d10f77fa) Importer(815301076,1909f56bfc062723c751e8b465ee728b)  -> (artifact id: 'db670e6206b07d297ab4971223014d63') in 0.009064 seconds
  Import took 0.014547 seconds .

========================================================================
Received Prepare
Registering precompiled user dll's ...
Registered in 0.001138 seconds.
Begin MonoManager ReloadAssembly
Native extension for WindowsStandalone target not found
Native extension for OSXStandalone target not found
Native extension for WebGL target not found
Refreshing native plugins compatible for Editor in 0.55 ms, found 1 plugins.
Preloading 0 native plugins for Editor in 0.00 ms.
Mono: successfully reloaded assembly
- Completed reload, in  1.388 seconds
Platform modules already initialized, skipping
Refreshing native plugins compatible for Editor in 0.53 ms, found 1 plugins.
Preloading 0 native plugins for Editor in 0.00 ms.
Unloading 2131 Unused Serialized files (Serialized files now loaded: 0)
System memory in use before: 96.9 MB.
System memory in use after: 96.8 MB.

Unloading 12 unused Assets to reduce memory usage. Loaded Objects now: 2594.
Total: 3.452500 ms (FindLiveObjects: 0.257400 ms CreateObjectMapping: 0.094500 ms MarkObjects: 2.948000 ms  DeleteObjects: 0.150600 ms)

========================================================================
Received Import Request.
  Time since last request: 104.399472 seconds.
  path: Assets/Scenes 1/AstroMovement.cs
  artifactKey: Guid(4aa0d72d16f3d73458048b36d10f77fa) Importer(815301076,1909f56bfc062723c751e8b465ee728b)
Start importing Assets/Scenes 1/AstroMovement.cs using Guid(4aa0d72d16f3d73458048b36d10f77fa) Importer(815301076,1909f56bfc062723c751e8b465ee728b)  -> (artifact id: '39b9488e700b8b36ee4494988a67ff06') in 0.006234 seconds
  Import took 0.010545 seconds .

========================================================================
Received Prepare
Registering precompiled user dll's ...
Registered in 0.001466 seconds.
Begin MonoManager ReloadAssembly
Native extension for WindowsStandalone target not found
Native extension for OSXStandalone target not found
Native extension for WebGL target not found
Refreshing native plugins compatible for Editor in 0.75 ms, found 1 plugins.
Preloading 0 native plugins for Editor in 0.00 ms.
Mono: successfully reloaded assembly
- Completed reload, in  3.057 seconds
Platform modules already initialized, skipping
Refreshing native plugins compatible for Editor in 0.58 ms, found 1 plugins.
Preloading 0 native plugins for Editor in 0.00 ms.
Unloading 2131 Unused Serialized files (Serialized files now loaded: 0)
System memory in use before: 96.9 MB.
System memory in use after: 96.9 MB.

Unloading 12 unused Assets to reduce memory usage. Loaded Objects now: 2598.
Total: 5.610500 ms (FindLiveObjects: 0.288700 ms CreateObjectMapping: 0.128300 ms MarkObjects: 5.010900 ms  DeleteObjects: 0.179700 ms)

========================================================================
Received Prepare
Registering precompiled user dll's ...
Registered in 0.001678 seconds.
Begin MonoManager ReloadAssembly
Native extension for WindowsStandalone target not found
Native extension for OSXStandalone target not found
Native extension for WebGL target not found
Refreshing native plugins compatible for Editor in 0.64 ms, found 1 plugins.
Preloading 0 native plugins for Editor in 0.00 ms.
Mono: successfully reloaded assembly
- Completed reload, in  1.541 seconds
Platform modules already initialized, skipping
Refreshing native plugins compatible for Editor in 0.54 ms, found 1 plugins.
Preloading 0 native plugins for Editor in 0.00 ms.
Unloading 2131 Unused Serialized files (Serialized files now loaded: 0)
System memory in use before: 96.9 MB.
System memory in use after: 96.9 MB.

Unloading 12 unused Assets to reduce memory usage. Loaded Objects now: 2602.
Total: 3.270600 ms (FindLiveObjects: 0.268900 ms CreateObjectMapping: 0.094500 ms MarkObjects: 2.748800 ms  DeleteObjects: 0.156900 ms)

========================================================================
Received Import Request.
  Time since last request: 163.628451 seconds.
  path: Assets/Brackeys/2D Mega Pack/Characters/Astronaut.png
  artifactKey: Guid(a0e7f1167efba544bb8d6e3198ae44f9) Importer(815301076,1909f56bfc062723c751e8b465ee728b)
Start importing Assets/Brackeys/2D Mega Pack/Characters/Astronaut.png using Guid(a0e7f1167efba544bb8d6e3198ae44f9) Importer(815301076,1909f56bfc062723c751e8b465ee728b)  -> (artifact id: '47739f118c3494da2e3da21b692ce97f') in 0.221296 seconds
  Import took 0.229141 seconds .

========================================================================
Received Prepare
Registering precompiled user dll's ...
Registered in 0.001766 seconds.
Begin MonoManager ReloadAssembly
Native extension for WindowsStandalone target not found
Native extension for OSXStandalone target not found
Native extension for WebGL target not found
Refreshing native plugins compatible for Editor in 0.59 ms, found 1 plugins.
Preloading 0 native plugins for Editor in 0.00 ms.
Mono: successfully reloaded assembly
- Completed reload, in  1.130 seconds
Platform modules already initialized, skipping
Refreshing native plugins compatible for Editor in 0.51 ms, found 1 plugins.
Preloading 0 native plugins for Editor in 0.00 ms.
Unloading 2131 Unused Serialized files (Serialized files now loaded: 0)
System memory in use before: 99.9 MB.
System memory in use after: 99.8 MB.

Unloading 12 unused Assets to reduce memory usage. Loaded Objects now: 2625.
Total: 2.895100 ms (FindLiveObjects: 0.216000 ms CreateObjectMapping: 0.085700 ms MarkObjects: 2.446700 ms  DeleteObjects: 0.145400 ms)

========================================================================
Received Import Request.
  Time since last request: 76.619803 seconds.
  path: Assets/Brackeys/2D Mega Pack/Characters/ArcadePlayer.png
  artifactKey: Guid(b4c6e7d0285655f4a9db7355ab7ea678) Importer(815301076,1909f56bfc062723c751e8b465ee728b)
Start importing Assets/Brackeys/2D Mega Pack/Characters/ArcadePlayer.png using Guid(b4c6e7d0285655f4a9db7355ab7ea678) Importer(815301076,1909f56bfc062723c751e8b465ee728b)  -> (artifact id: 'e8bbcfdc75425f5909e8d3bf8b58cdc4') in 0.052850 seconds
  Import took 0.058674 seconds .

========================================================================
Received Import Request.
  Time since last request: 0.000365 seconds.
  path: Assets/Brackeys/2D Mega Pack/Characters/Wizard.png
  artifactKey: Guid(c98b9cd543d1a6d448e27babb81798a0) Importer(815301076,1909f56bfc062723c751e8b465ee728b)
Start importing Assets/Brackeys/2D Mega Pack/Characters/Wizard.png using Guid(c98b9cd543d1a6d448e27babb81798a0) Importer(815301076,1909f56bfc062723c751e8b465ee728b)  -> (artifact id: '137299035b400b74030b207d1425b43a') in 0.021698 seconds
  Import took 0.025669 seconds .

========================================================================
Received Import Request.
  Time since last request: 0.000435 seconds.
  path: Assets/Brackeys/2D Mega Pack/Characters/PongPlayer.png
  artifactKey: Guid(3f5d8b39358f65040ade5d7096bc8085) Importer(815301076,1909f56bfc062723c751e8b465ee728b)
Start importing Assets/Brackeys/2D Mega Pack/Characters/PongPlayer.png using Guid(3f5d8b39358f65040ade5d7096bc8085) Importer(815301076,1909f56bfc062723c751e8b465ee728b)  -> (artifact id: '5da4166cd801bae840f3289d93d34481') in 0.022836 seconds
  Import took 0.027249 seconds .

========================================================================
Received Import Request.
  Time since last request: 0.000303 seconds.
  path: Assets/Brackeys/2D Mega Pack/Characters/Detective.png
  artifactKey: Guid(f776e2e9690501e41a2e5b81ceb440b9) Importer(815301076,1909f56bfc062723c751e8b465ee728b)
Start importing Assets/Brackeys/2D Mega Pack/Characters/Detective.png using Guid(f776e2e9690501e41a2e5b81ceb440b9) Importer(815301076,1909f56bfc062723c751e8b465ee728b)  -> (artifact id: 'c9069d3cd161d5388cc51b6654017c03') in 0.063483 seconds
  Import took 0.067498 seconds .

========================================================================
Received Import Request.
  Time since last request: 0.000323 seconds.
  path: Assets/Brackeys/2D Mega Pack/Characters/MrPeanut.png
  artifactKey: Guid(25dbfbd01b6dc0c49a048b76d7f7368f) Importer(815301076,1909f56bfc062723c751e8b465ee728b)
Start importing Assets/Brackeys/2D Mega Pack/Characters/MrPeanut.png using Guid(25dbfbd01b6dc0c49a048b76d7f7368f) Importer(815301076,1909f56bfc062723c751e8b465ee728b)  -> (artifact id: '6983de29ea7b66723ef167fcd63e76ef') in 0.026699 seconds
  Import took 0.030114 seconds .

========================================================================
Received Import Request.
  Time since last request: 0.000350 seconds.
  path: Assets/Brackeys/2D Mega Pack/Characters/MrPickle.png
  artifactKey: Guid(9caa2d1bf58529846b51604707b587f6) Importer(815301076,1909f56bfc062723c751e8b465ee728b)
Start importing Assets/Brackeys/2D Mega Pack/Characters/MrPickle.png using Guid(9caa2d1bf58529846b51604707b587f6) Importer(815301076,1909f56bfc062723c751e8b465ee728b)  -> (artifact id: 'b6201070711c64a3383a99491b216dc8') in 0.025958 seconds
  Import took 0.031106 seconds .

========================================================================
Received Import Request.
  Time since last request: 0.000326 seconds.
  path: Assets/Brackeys/2D Mega Pack/Characters/Miner.png
  artifactKey: Guid(774fe8dccef69a44d9179e4529aea50c) Importer(815301076,1909f56bfc062723c751e8b465ee728b)
Start importing Assets/Brackeys/2D Mega Pack/Characters/Miner.png using Guid(774fe8dccef69a44d9179e4529aea50c) Importer(815301076,1909f56bfc062723c751e8b465ee728b)  -> (artifact id: '724afae9fe415b56882a0a5e376975f5') in 0.017215 seconds
  Import took 0.021463 seconds .

========================================================================
Received Prepare
Registering precompiled user dll's ...
Registered in 0.001211 seconds.
Begin MonoManager ReloadAssembly
Native extension for WindowsStandalone target not found
Native extension for OSXStandalone target not found
Native extension for WebGL target not found
Refreshing native plugins compatible for Editor in 0.55 ms, found 1 plugins.
Preloading 0 native plugins for Editor in 0.00 ms.
Mono: successfully reloaded assembly
- Completed reload, in  0.955 seconds
Platform modules already initialized, skipping
Refreshing native plugins compatible for Editor in 0.71 ms, found 1 plugins.
Preloading 0 native plugins for Editor in 0.00 ms.
Unloading 2131 Unused Serialized files (Serialized files now loaded: 0)
System memory in use before: 99.9 MB.
System memory in use after: 99.9 MB.

Unloading 12 unused Assets to reduce memory usage. Loaded Objects now: 2655.
Total: 2.670600 ms (FindLiveObjects: 0.441400 ms CreateObjectMapping: 0.105500 ms MarkObjects: 2.021700 ms  DeleteObjects: 0.100900 ms)

========================================================================
Received Import Request.
  Time since last request: 241.246633 seconds.
  path: Assets/Scenes 1/BasicMenu.unity
  artifactKey: Guid(c8d93a2b98edd9f4ca49824bb9dddfd2) Importer(815301076,1909f56bfc062723c751e8b465ee728b)
Start importing Assets/Scenes 1/BasicMenu.unity using Guid(c8d93a2b98edd9f4ca49824bb9dddfd2) Importer(815301076,1909f56bfc062723c751e8b465ee728b)  -> (artifact id: 'c0e7efd4b9ef3ed2832a17f1a0b1bcec') in 0.022525 seconds
  Import took 0.028636 seconds .

========================================================================
Received Import Request.
  Time since last request: 120.489676 seconds.
  path: Assets/Scenes 1/PauseScencTest.unity
  artifactKey: Guid(ab6bdce542b90a84894191aac4d15059) Importer(815301076,1909f56bfc062723c751e8b465ee728b)
Start importing Assets/Scenes 1/PauseScencTest.unity using Guid(ab6bdce542b90a84894191aac4d15059) Importer(815301076,1909f56bfc062723c751e8b465ee728b)  -> (artifact id: 'de4dfb553baf4388e8efd2085341f890') in 0.032917 seconds
  Import took 0.061441 seconds .

========================================================================
Received Import Request.
  Time since last request: 0.152492 seconds.
  path: Assets/Scenes 1/PauseScencTest.unity
  artifactKey: Guid(ab6bdce542b90a84894191aac4d15059) Importer(815301076,1909f56bfc062723c751e8b465ee728b)
Start importing Assets/Scenes 1/PauseScencTest.unity using Guid(ab6bdce542b90a84894191aac4d15059) Importer(815301076,1909f56bfc062723c751e8b465ee728b)  -> (artifact id: 'de4dfb553baf4388e8efd2085341f890') in 0.006156 seconds
  Import took 0.012617 seconds .

========================================================================
Received Import Request.
  Time since last request: 3.652454 seconds.
  path: Assets/Scenes 1/PauseMenu.cs
  artifactKey: Guid(a2c5e90cbca5fd44584ad750ecd3105f) Importer(815301076,1909f56bfc062723c751e8b465ee728b)
Start importing Assets/Scenes 1/PauseMenu.cs using Guid(a2c5e90cbca5fd44584ad750ecd3105f) Importer(815301076,1909f56bfc062723c751e8b465ee728b)  -> (artifact id: 'c89e4b6c78933e36f900a43fee25524f') in 0.008174 seconds
  Import took 0.013314 seconds .

========================================================================
Received Import Request.
  Time since last request: 0.001383 seconds.
  path: Assets/Scenes 1/PauseMenu.cs
  artifactKey: Guid(a2c5e90cbca5fd44584ad750ecd3105f) Importer(815301076,1909f56bfc062723c751e8b465ee728b)
Start importing Assets/Scenes 1/PauseMenu.cs using Guid(a2c5e90cbca5fd44584ad750ecd3105f) Importer(815301076,1909f56bfc062723c751e8b465ee728b)  -> (artifact id: 'c89e4b6c78933e36f900a43fee25524f') in 0.003292 seconds
  Import took 0.007790 seconds .

========================================================================
Received Prepare
Registering precompiled user dll's ...
Registered in 0.001141 seconds.
Begin MonoManager ReloadAssembly
Native extension for WindowsStandalone target not found
Native extension for OSXStandalone target not found
Native extension for WebGL target not found
Refreshing native plugins compatible for Editor in 0.52 ms, found 1 plugins.
Preloading 0 native plugins for Editor in 0.00 ms.
Mono: successfully reloaded assembly
- Completed reload, in  0.939 seconds
Platform modules already initialized, skipping
Refreshing native plugins compatible for Editor in 0.53 ms, found 1 plugins.
Preloading 0 native plugins for Editor in 0.00 ms.
Unloading 2131 Unused Serialized files (Serialized files now loaded: 0)
System memory in use before: 100.0 MB.
System memory in use after: 99.9 MB.

Unloading 12 unused Assets to reduce memory usage. Loaded Objects now: 2659.
Total: 3.962800 ms (FindLiveObjects: 0.351700 ms CreateObjectMapping: 0.255900 ms MarkObjects: 3.242500 ms  DeleteObjects: 0.111500 ms)

========================================================================
Received Prepare
Registering precompiled user dll's ...
Registered in 0.001868 seconds.
Begin MonoManager ReloadAssembly
Native extension for WindowsStandalone target not found
Native extension for OSXStandalone target not found
Native extension for WebGL target not found
Refreshing native plugins compatible for Editor in 2.75 ms, found 1 plugins.
Preloading 0 native plugins for Editor in 0.00 ms.
Mono: successfully reloaded assembly
- Completed reload, in  3.885 seconds
Platform modules already initialized, skipping
Refreshing native plugins compatible for Editor in 0.85 ms, found 1 plugins.
Preloading 0 native plugins for Editor in 0.00 ms.
Unloading 2131 Unused Serialized files (Serialized files now loaded: 0)
System memory in use before: 100.0 MB.
System memory in use after: 99.9 MB.

Unloading 12 unused Assets to reduce memory usage. Loaded Objects now: 2663.
Total: 5.387700 ms (FindLiveObjects: 0.583200 ms CreateObjectMapping: 0.263200 ms MarkObjects: 4.338800 ms  DeleteObjects: 0.199500 ms)

========================================================================
Received Import Request.
  Time since last request: 320.628971 seconds.
  path: Assets/Tiles/Demo Scene/New Palette.prefab
  artifactKey: Guid(1b8214224f1d3374085ebe4f79f26878) Importer(815301076,1909f56bfc062723c751e8b465ee728b)
Start importing Assets/Tiles/Demo Scene/New Palette.prefab using Guid(1b8214224f1d3374085ebe4f79f26878) Importer(815301076,1909f56bfc062723c751e8b465ee728b)  -> (artifact id: '7ad3744f91009e26216dbb3ce1b5b677') in 0.035173 seconds
  Import took 0.040239 seconds .

========================================================================
Received Import Request.
  Time since last request: 5.171759 seconds.
  path: Packages/com.unity.2d.tilemap/Editor/Unity.2D.Tilemap.Editor.asmdef
  artifactKey: Guid(3a9781db4804a9945b9883f3a7c46d45) Importer(815301076,1909f56bfc062723c751e8b465ee728b)
Start importing Packages/com.unity.2d.tilemap/Editor/Unity.2D.Tilemap.Editor.asmdef using Guid(3a9781db4804a9945b9883f3a7c46d45) Importer(815301076,1909f56bfc062723c751e8b465ee728b)  -> (artifact id: '829ddf8d5e8fe2ec42652a96a8a39c7c') in 0.008817 seconds
  Import took 0.012745 seconds .

========================================================================
Received Import Request.
  Time since last request: 55.563924 seconds.
  path: Assets/Tiles/Demo Scene/SampleTiles.png
  artifactKey: Guid(c416a4726160fac42b05acd684f84721) Importer(815301076,1909f56bfc062723c751e8b465ee728b)
Start importing Assets/Tiles/Demo Scene/SampleTiles.png using Guid(c416a4726160fac42b05acd684f84721) Importer(815301076,1909f56bfc062723c751e8b465ee728b)  -> (artifact id: '7f676b2e340e4bbfd58e74cb894bbcaf') in 0.030475 seconds
  Import took 0.035758 seconds .

========================================================================
Received Import Request.
  Time since last request: 42.039904 seconds.
  path: Assets/Tiles/Demo Scene/SampleTiles.png
  artifactKey: Guid(c416a4726160fac42b05acd684f84721) Importer(815301076,1909f56bfc062723c751e8b465ee728b)
Start importing Assets/Tiles/Demo Scene/SampleTiles.png using Guid(c416a4726160fac42b05acd684f84721) Importer(815301076,1909f56bfc062723c751e8b465ee728b)  -> (artifact id: '0728e48809cb7cf50e6bba371b0ddc68') in 0.049312 seconds
  Import took 0.053543 seconds .

========================================================================
Received Import Request.
  Time since last request: 33.982044 seconds.
  path: Assets/Tiles/Demo Scene/New Palette.prefab
  artifactKey: Guid(1b8214224f1d3374085ebe4f79f26878) Importer(815301076,1909f56bfc062723c751e8b465ee728b)
Start importing Assets/Tiles/Demo Scene/New Palette.prefab using Guid(1b8214224f1d3374085ebe4f79f26878) Importer(815301076,1909f56bfc062723c751e8b465ee728b)  -> (artifact id: '28464c067a7ff696f8b698c48d47202d') in 0.004935 seconds
  Import took 0.011542 seconds .

========================================================================
Received Import Request.
  Time since last request: 0.000322 seconds.
  path: Assets/Tiles/Demo Scene/SampleTiles_0.asset
  artifactKey: Guid(99e71352ba83f2f40850234d056d8f8d) Importer(815301076,1909f56bfc062723c751e8b465ee728b)
Start importing Assets/Tiles/Demo Scene/SampleTiles_0.asset using Guid(99e71352ba83f2f40850234d056d8f8d) Importer(815301076,1909f56bfc062723c751e8b465ee728b)  -> (artifact id: 'df5bd8f6a84187ae77487754efa463db') in 0.019586 seconds
  Import took 0.025306 seconds .

========================================================================
Received Import Request.
  Time since last request: 48.458260 seconds.
  path: Assets/Tiles/Demo Scene/New Palette.prefab
  artifactKey: Guid(1b8214224f1d3374085ebe4f79f26878) Importer(815301076,1909f56bfc062723c751e8b465ee728b)
Start importing Assets/Tiles/Demo Scene/New Palette.prefab using Guid(1b8214224f1d3374085ebe4f79f26878) Importer(815301076,1909f56bfc062723c751e8b465ee728b)  -> (artifact id: 'fb6eea53f2c79596286886df298a3e6c') in 0.005453 seconds
  Import took 0.010898 seconds .

========================================================================
Received Prepare
Registering precompiled user dll's ...
Registered in 0.001133 seconds.
Begin MonoManager ReloadAssembly
Native extension for WindowsStandalone target not found
Native extension for OSXStandalone target not found
Native extension for WebGL target not found
Refreshing native plugins compatible for Editor in 0.61 ms, found 1 plugins.
Preloading 0 native plugins for Editor in 0.00 ms.
Mono: successfully reloaded assembly
- Completed reload, in  1.079 seconds
Platform modules already initialized, skipping
Refreshing native plugins compatible for Editor in 0.57 ms, found 1 plugins.
Preloading 0 native plugins for Editor in 0.00 ms.
Unloading 2131 Unused Serialized files (Serialized files now loaded: 0)
System memory in use before: 100.0 MB.
System memory in use after: 100.0 MB.

Unloading 12 unused Assets to reduce memory usage. Loaded Objects now: 2673.
Total: 3.494300 ms (FindLiveObjects: 0.503100 ms CreateObjectMapping: 0.196500 ms MarkObjects: 2.644000 ms  DeleteObjects: 0.145800 ms)

========================================================================
Received Prepare
Registering precompiled user dll's ...
Registered in 0.001312 seconds.
Begin MonoManager ReloadAssembly
Native extension for WindowsStandalone target not found
Native extension for OSXStandalone target not found
Native extension for WebGL target not found
Refreshing native plugins compatible for Editor in 0.58 ms, found 1 plugins.
Preloading 0 native plugins for Editor in 0.00 ms.
Mono: successfully reloaded assembly
- Completed reload, in  1.366 seconds
Platform modules already initialized, skipping
Refreshing native plugins compatible for Editor in 0.57 ms, found 1 plugins.
Preloading 0 native plugins for Editor in 0.00 ms.
Unloading 2131 Unused Serialized files (Serialized files now loaded: 0)
System memory in use before: 100.0 MB.
System memory in use after: 100.0 MB.

Unloading 12 unused Assets to reduce memory usage. Loaded Objects now: 2677.
Total: 4.043700 ms (FindLiveObjects: 0.496900 ms CreateObjectMapping: 0.187300 ms MarkObjects: 3.176600 ms  DeleteObjects: 0.181400 ms)

========================================================================
Received Prepare
Registering precompiled user dll's ...
Registered in 0.001396 seconds.
Begin MonoManager ReloadAssembly
Native extension for WindowsStandalone target not found
Native extension for OSXStandalone target not found
Native extension for WebGL target not found
Refreshing native plugins compatible for Editor in 0.60 ms, found 1 plugins.
Preloading 0 native plugins for Editor in 0.00 ms.
Mono: successfully reloaded assembly
- Completed reload, in  1.368 seconds
Platform modules already initialized, skipping
Refreshing native plugins compatible for Editor in 0.54 ms, found 1 plugins.
Preloading 0 native plugins for Editor in 0.00 ms.
Unloading 2131 Unused Serialized files (Serialized files now loaded: 0)
System memory in use before: 100.0 MB.
System memory in use after: 100.0 MB.

Unloading 12 unused Assets to reduce memory usage. Loaded Objects now: 2681.
Total: 3.418200 ms (FindLiveObjects: 0.226100 ms CreateObjectMapping: 0.093400 ms MarkObjects: 2.955700 ms  DeleteObjects: 0.141400 ms)

========================================================================
Received Import Request.
  Time since last request: 88.927631 seconds.
  path: Assets/Tiles/Demo Scene/New Palette.prefab
  artifactKey: Guid(1b8214224f1d3374085ebe4f79f26878) Importer(815301076,1909f56bfc062723c751e8b465ee728b)
Start importing Assets/Tiles/Demo Scene/New Palette.prefab using Guid(1b8214224f1d3374085ebe4f79f26878) Importer(815301076,1909f56bfc062723c751e8b465ee728b)  -> (artifact id: '4619e05528b1b2ee2173a44b40099c8e') in 0.038425 seconds
  Import took 0.043824 seconds .

========================================================================
Received Import Request.
  Time since last request: 83.737199 seconds.
  path: Assets/Tiles/Demo Scene/New Palette.prefab
  artifactKey: Guid(1b8214224f1d3374085ebe4f79f26878) Importer(815301076,1909f56bfc062723c751e8b465ee728b)
Start importing Assets/Tiles/Demo Scene/New Palette.prefab using Guid(1b8214224f1d3374085ebe4f79f26878) Importer(815301076,1909f56bfc062723c751e8b465ee728b)  -> (artifact id: '76aa6e133bbda72e15b88d15d6d32cfd') in 0.005757 seconds
  Import took 0.010611 seconds .

========================================================================
Received Prepare
Registering precompiled user dll's ...
Registered in 0.001605 seconds.
Begin MonoManager ReloadAssembly
Native extension for WindowsStandalone target not found
Native extension for OSXStandalone target not found
Native extension for WebGL target not found
Refreshing native plugins compatible for Editor in 0.50 ms, found 1 plugins.
Preloading 0 native plugins for Editor in 0.00 ms.
Mono: successfully reloaded assembly
- Completed reload, in  0.933 seconds
Platform modules already initialized, skipping
Refreshing native plugins compatible for Editor in 0.55 ms, found 1 plugins.
Preloading 0 native plugins for Editor in 0.00 ms.
Unloading 2131 Unused Serialized files (Serialized files now loaded: 0)
System memory in use before: 100.0 MB.
System memory in use after: 100.0 MB.

Unloading 12 unused Assets to reduce memory usage. Loaded Objects now: 2685.
Total: 3.332400 ms (FindLiveObjects: 0.416900 ms CreateObjectMapping: 0.222200 ms MarkObjects: 2.579700 ms  DeleteObjects: 0.112800 ms)

========================================================================
Received Import Request.
  Time since last request: 603.888320 seconds.
  path: Assets/Tiles/Game Scene/CameraFollow.cs
  artifactKey: Guid(3afe55760d53f3340aa2e97436816109) Importer(815301076,1909f56bfc062723c751e8b465ee728b)
Start importing Assets/Tiles/Game Scene/CameraFollow.cs using Guid(3afe55760d53f3340aa2e97436816109) Importer(815301076,1909f56bfc062723c751e8b465ee728b)  -> (artifact id: '18cb8ce763055a51e2dbf6c0a55c2ad5') in 0.032718 seconds
  Import took 0.046483 seconds .

========================================================================
Received Prepare
Registering precompiled user dll's ...
Registered in 0.002391 seconds.
Begin MonoManager ReloadAssembly
Native extension for WindowsStandalone target not found
Native extension for OSXStandalone target not found
Native extension for WebGL target not found
Refreshing native plugins compatible for Editor in 0.85 ms, found 1 plugins.
Preloading 0 native plugins for Editor in 0.00 ms.
Mono: successfully reloaded assembly
- Completed reload, in  2.297 seconds
Platform modules already initialized, skipping
Refreshing native plugins compatible for Editor in 0.89 ms, found 1 plugins.
Preloading 0 native plugins for Editor in 0.00 ms.
Unloading 2131 Unused Serialized files (Serialized files now loaded: 0)
System memory in use before: 100.1 MB.
System memory in use after: 100.0 MB.

Unloading 12 unused Assets to reduce memory usage. Loaded Objects now: 2689.
Total: 4.814300 ms (FindLiveObjects: 0.432900 ms CreateObjectMapping: 0.173400 ms MarkObjects: 3.988500 ms  DeleteObjects: 0.217300 ms)

AssetImportWorkerClient::OnTransportError - code=2 error=End of file
