Using pre-set license
Built from '2020.3/staging' branch; Version is '2020.3.5f1 (8095aa901b9b) revision 8426922'; Using compiler version '192528614'; Build Type 'Release'
OS: 'Windows 10 Home; OS build 19043.1165; Version 2009; 64bit' Language: 'en' Physical Memory: 16225 MB
BatchMode: 1, IsHumanControllingUs: 0, StartBugReporterOnCrash: 0, Is64bit: 1, IsPro: 0

 COMMAND LINE ARGUMENTS:
C:\Documents\Unity Editors\2020.3.5f1\Editor\Unity.exe
-adb2
-batchMode
-noUpm
-name
AssetImportWorker1
-projectPath
C:/Users/Lily/Documents/Unity/Team Lead 2
-logFile
Logs/AssetImportWorker1.log
-srvPort
62516
Successfully changed project path to: C:/Users/Lily/Documents/Unity/Team Lead 2
C:/Users/Lily/Documents/Unity/Team Lead 2
Using Asset Import Pipeline V2.
Refreshing native plugins compatible for Editor in 121.39 ms, found 1 plugins.
Preloading 0 native plugins for Editor in 0.00 ms.
Initialize engine version: 2020.3.5f1 (8095aa901b9b)
[Subsystems] Discovering subsystems at path C:/Documents/Unity Editors/2020.3.5f1/Editor/Data/Resources/UnitySubsystems
[Subsystems] Discovering subsystems at path C:/Users/Lily/Documents/Unity/Team Lead 2/Assets
GfxDevice: creating device client; threaded=0
Direct3D:
    Version:  Direct3D 11.0 [level 11.1]
    Renderer: Intel(R) UHD Graphics 620 (ID=0x5917)
    Vendor:   
    VRAM:     8112 MB
    Driver:   23.20.16.5044
Initialize mono
Mono path[0] = 'C:/Documents/Unity Editors/2020.3.5f1/Editor/Data/Managed'
Mono path[1] = 'C:/Documents/Unity Editors/2020.3.5f1/Editor/Data/MonoBleedingEdge/lib/mono/unityjit'
Mono config path = 'C:/Documents/Unity Editors/2020.3.5f1/Editor/Data/MonoBleedingEdge/etc'
Using monoOptions --debugger-agent=transport=dt_socket,embedding=1,server=y,suspend=n,address=127.0.0.1:56552
Begin MonoManager ReloadAssembly
Registering precompiled unity dll's ...
Register platform support module: C:/Documents/Unity Editors/2020.3.5f1/Editor/Data/PlaybackEngines/WebGLSupport/UnityEditor.WebGL.Extensions.dll
Register platform support module: C:/Documents/Unity Editors/2020.3.5f1/Editor/Data/PlaybackEngines/MacStandaloneSupport/UnityEditor.OSXStandalone.Extensions.dll
Register platform support module: C:/Documents/Unity Editors/2020.3.5f1/Editor/Data/PlaybackEngines/WindowsStandaloneSupport/UnityEditor.WindowsStandalone.Extensions.dll
Registered in 0.007531 seconds.
Native extension for WindowsStandalone target not found
Native extension for OSXStandalone target not found
Native extension for WebGL target not found
Refreshing native plugins compatible for Editor in 103.07 ms, found 1 plugins.
Preloading 0 native plugins for Editor in 0.00 ms.
Mono: successfully reloaded assembly
- Completed reload, in  5.327 seconds
Platform modules already initialized, skipping
Registering precompiled user dll's ...
Registered in 0.002406 seconds.
Begin MonoManager ReloadAssembly
Native extension for WindowsStandalone target not found
Native extension for OSXStandalone target not found
Native extension for WebGL target not found
Refreshing native plugins compatible for Editor in 98.96 ms, found 1 plugins.
Preloading 0 native plugins for Editor in 0.00 ms.
Mono: successfully reloaded assembly
- Completed reload, in  2.434 seconds
Platform modules already initialized, skipping
========================================================================
Worker process is ready to serve import requests
Launched and connected shader compiler UnityShaderCompiler.exe after 0.18 seconds
Refreshing native plugins compatible for Editor in 0.78 ms, found 1 plugins.
Preloading 0 native plugins for Editor in 0.00 ms.
Unloading 2136 Unused Serialized files (Serialized files now loaded: 0)
System memory in use before: 96.7 MB.
System memory in use after: 96.6 MB.

Unloading 26 unused Assets to reduce memory usage. Loaded Objects now: 2582.
Total: 5.772700 ms (FindLiveObjects: 0.516000 ms CreateObjectMapping: 0.210300 ms MarkObjects: 4.721100 ms  DeleteObjects: 0.322200 ms)

========================================================================
Received Import Request.
  path: Assets/Game/Game Scene.unity
  artifactKey: Guid(2cda990e2423bbf4892e6590ba056729) Importer(815301076,1909f56bfc062723c751e8b465ee728b)
Start importing Assets/Game/Game Scene.unity using Guid(2cda990e2423bbf4892e6590ba056729) Importer(815301076,1909f56bfc062723c751e8b465ee728b)  -> (artifact id: 'a98060066e3945d4e10c413cd8fd94d7') in 0.065677 seconds
  Import took 0.079148 seconds .

========================================================================
Received Import Request.
  Time since last request: 0.000882 seconds.
  path: Assets/Game/BasicMenu 1.unity
  artifactKey: Guid(186f30f89140c25409ba5961969235af) Importer(815301076,1909f56bfc062723c751e8b465ee728b)
Start importing Assets/Game/BasicMenu 1.unity using Guid(186f30f89140c25409ba5961969235af) Importer(815301076,1909f56bfc062723c751e8b465ee728b)  -> (artifact id: 'cbc15603cf3c84107f6a597dcaa74be2') in 0.034390 seconds
  Import took 0.048704 seconds .

========================================================================
Received Prepare
Registering precompiled user dll's ...
Registered in 0.007164 seconds.
Begin MonoManager ReloadAssembly
Native extension for WindowsStandalone target not found
Native extension for OSXStandalone target not found
Native extension for WebGL target not found
Refreshing native plugins compatible for Editor in 1.36 ms, found 1 plugins.
Preloading 0 native plugins for Editor in 0.00 ms.
Mono: successfully reloaded assembly
- Completed reload, in  2.810 seconds
Platform modules already initialized, skipping
Refreshing native plugins compatible for Editor in 0.77 ms, found 1 plugins.
Preloading 0 native plugins for Editor in 0.00 ms.
Unloading 2131 Unused Serialized files (Serialized files now loaded: 0)
System memory in use before: 96.8 MB.
System memory in use after: 96.7 MB.

Unloading 12 unused Assets to reduce memory usage. Loaded Objects now: 2586.
Total: 5.230800 ms (FindLiveObjects: 0.541000 ms CreateObjectMapping: 0.207000 ms MarkObjects: 4.149600 ms  DeleteObjects: 0.330700 ms)

========================================================================
Received Import Request.
  Time since last request: 292.951396 seconds.
  path: Assets/Game/main.png
  artifactKey: Guid(f3d4d5195fd6e06418d240a89ba03237) Importer(815301076,1909f56bfc062723c751e8b465ee728b)
Start importing Assets/Game/main.png using Guid(f3d4d5195fd6e06418d240a89ba03237) Importer(815301076,1909f56bfc062723c751e8b465ee728b)  -> (artifact id: '30447b56add585b8d21410953e982b81') in 0.331493 seconds
  Import took 0.340077 seconds .

========================================================================
Received Import Request.
  Time since last request: 3.869911 seconds.
  path: Assets/Game/BasicMenu 1.unity
  artifactKey: Guid(186f30f89140c25409ba5961969235af) Importer(815301076,1909f56bfc062723c751e8b465ee728b)
Start importing Assets/Game/BasicMenu 1.unity using Guid(186f30f89140c25409ba5961969235af) Importer(815301076,1909f56bfc062723c751e8b465ee728b)  -> (artifact id: '2ea39031eb03003be77fd37afaaf3936') in 0.007369 seconds
  Import took 0.015521 seconds .

========================================================================
Received Prepare
Registering precompiled user dll's ...
Registered in 0.001796 seconds.
Begin MonoManager ReloadAssembly
Native extension for WindowsStandalone target not found
Native extension for OSXStandalone target not found
Native extension for WebGL target not found
Refreshing native plugins compatible for Editor in 1.10 ms, found 1 plugins.
Preloading 0 native plugins for Editor in 0.00 ms.
Mono: successfully reloaded assembly
- Completed reload, in  2.816 seconds
Platform modules already initialized, skipping
Refreshing native plugins compatible for Editor in 0.60 ms, found 1 plugins.
Preloading 0 native plugins for Editor in 0.00 ms.
Unloading 2131 Unused Serialized files (Serialized files now loaded: 0)
System memory in use before: 99.8 MB.
System memory in use after: 99.7 MB.

Unloading 12 unused Assets to reduce memory usage. Loaded Objects now: 2596.
Total: 4.728600 ms (FindLiveObjects: 0.440300 ms CreateObjectMapping: 0.216800 ms MarkObjects: 3.845600 ms  DeleteObjects: 0.223600 ms)

========================================================================
Received Import Request.
  Time since last request: 85.452321 seconds.
  path: Assets/Animation/MenuController1.cs
  artifactKey: Guid(867c738e81443c04b845c74c0a4b6a30) Importer(815301076,1909f56bfc062723c751e8b465ee728b)
Start importing Assets/Animation/MenuController1.cs using Guid(867c738e81443c04b845c74c0a4b6a30) Importer(815301076,1909f56bfc062723c751e8b465ee728b)  -> (artifact id: '6ae126f3660f026f31b9e936f16130fb') in 0.029300 seconds
  Import took 0.036633 seconds .

========================================================================
Received Prepare
Registering precompiled user dll's ...
Registered in 0.001933 seconds.
Begin MonoManager ReloadAssembly
Native extension for WindowsStandalone target not found
Native extension for OSXStandalone target not found
Native extension for WebGL target not found
Refreshing native plugins compatible for Editor in 0.78 ms, found 1 plugins.
Preloading 0 native plugins for Editor in 0.00 ms.
Mono: successfully reloaded assembly
- Completed reload, in  2.180 seconds
Platform modules already initialized, skipping
Refreshing native plugins compatible for Editor in 0.99 ms, found 1 plugins.
Preloading 0 native plugins for Editor in 0.00 ms.
Unloading 2132 Unused Serialized files (Serialized files now loaded: 0)
System memory in use before: 99.8 MB.
System memory in use after: 99.8 MB.

Unloading 12 unused Assets to reduce memory usage. Loaded Objects now: 2601.
Total: 4.165800 ms (FindLiveObjects: 0.352600 ms CreateObjectMapping: 0.114200 ms MarkObjects: 3.458900 ms  DeleteObjects: 0.238000 ms)

========================================================================
Received Import Request.
  Time since last request: 49.078880 seconds.
  path: Assets/Game/MenuController1.cs
  artifactKey: Guid(867c738e81443c04b845c74c0a4b6a30) Importer(815301076,1909f56bfc062723c751e8b465ee728b)
Start importing Assets/Game/MenuController1.cs using Guid(867c738e81443c04b845c74c0a4b6a30) Importer(815301076,1909f56bfc062723c751e8b465ee728b)  -> (artifact id: '66c1fd69997998258ad3ceca7fd58eee') in 0.016714 seconds
  Import took 0.024663 seconds .

========================================================================
Received Import Request.
  Time since last request: 5.659804 seconds.
  path: Assets/Game/MenuControllerGame.cs
  artifactKey: Guid(867c738e81443c04b845c74c0a4b6a30) Importer(815301076,1909f56bfc062723c751e8b465ee728b)
Start importing Assets/Game/MenuControllerGame.cs using Guid(867c738e81443c04b845c74c0a4b6a30) Importer(815301076,1909f56bfc062723c751e8b465ee728b)  -> (artifact id: '6c5946791843541b5417f54ae75bbd44') in 0.013098 seconds
  Import took 0.019623 seconds .

========================================================================
Received Prepare
Registering precompiled user dll's ...
Registered in 0.001613 seconds.
Begin MonoManager ReloadAssembly
Native extension for WindowsStandalone target not found
Native extension for OSXStandalone target not found
Native extension for WebGL target not found
Refreshing native plugins compatible for Editor in 0.64 ms, found 1 plugins.
Preloading 0 native plugins for Editor in 0.00 ms.
Mono: successfully reloaded assembly
- Completed reload, in  2.231 seconds
Platform modules already initialized, skipping
Refreshing native plugins compatible for Editor in 0.77 ms, found 1 plugins.
Preloading 0 native plugins for Editor in 0.00 ms.
Unloading 2132 Unused Serialized files (Serialized files now loaded: 0)
System memory in use before: 99.8 MB.
System memory in use after: 99.8 MB.

Unloading 12 unused Assets to reduce memory usage. Loaded Objects now: 2605.
Total: 4.263600 ms (FindLiveObjects: 0.349700 ms CreateObjectMapping: 0.167500 ms MarkObjects: 3.528900 ms  DeleteObjects: 0.214800 ms)

========================================================================
Received Prepare
Registering precompiled user dll's ...
Registered in 0.002906 seconds.
Begin MonoManager ReloadAssembly
Native extension for WindowsStandalone target not found
Native extension for OSXStandalone target not found
Native extension for WebGL target not found
Refreshing native plugins compatible for Editor in 0.74 ms, found 1 plugins.
Preloading 0 native plugins for Editor in 0.00 ms.
Mono: successfully reloaded assembly
- Completed reload, in  2.224 seconds
Platform modules already initialized, skipping
Refreshing native plugins compatible for Editor in 0.73 ms, found 1 plugins.
Preloading 0 native plugins for Editor in 0.00 ms.
Unloading 2132 Unused Serialized files (Serialized files now loaded: 0)
System memory in use before: 99.8 MB.
System memory in use after: 99.8 MB.

Unloading 12 unused Assets to reduce memory usage. Loaded Objects now: 2609.
Total: 4.466100 ms (FindLiveObjects: 0.284100 ms CreateObjectMapping: 0.130400 ms MarkObjects: 3.810300 ms  DeleteObjects: 0.239700 ms)

========================================================================
Received Import Request.
  Time since last request: 34.341310 seconds.
  path: Assets/Game/MenuControllerGame.cs
  artifactKey: Guid(867c738e81443c04b845c74c0a4b6a30) Importer(815301076,1909f56bfc062723c751e8b465ee728b)
Start importing Assets/Game/MenuControllerGame.cs using Guid(867c738e81443c04b845c74c0a4b6a30) Importer(815301076,1909f56bfc062723c751e8b465ee728b)  -> (artifact id: '5df5268f8a57d0177ae10902c0a5e738') in 0.009737 seconds
  Import took 0.017374 seconds .

========================================================================
Received Prepare
Registering precompiled user dll's ...
Registered in 0.001600 seconds.
Begin MonoManager ReloadAssembly
Native extension for WindowsStandalone target not found
Native extension for OSXStandalone target not found
Native extension for WebGL target not found
Refreshing native plugins compatible for Editor in 0.78 ms, found 1 plugins.
Preloading 0 native plugins for Editor in 0.00 ms.
Mono: successfully reloaded assembly
- Completed reload, in  2.226 seconds
Platform modules already initialized, skipping
Refreshing native plugins compatible for Editor in 0.79 ms, found 1 plugins.
Preloading 0 native plugins for Editor in 0.00 ms.
Unloading 2132 Unused Serialized files (Serialized files now loaded: 0)
System memory in use before: 99.9 MB.
System memory in use after: 99.8 MB.

Unloading 12 unused Assets to reduce memory usage. Loaded Objects now: 2613.
Total: 3.978900 ms (FindLiveObjects: 0.357100 ms CreateObjectMapping: 0.183600 ms MarkObjects: 3.255800 ms  DeleteObjects: 0.181200 ms)

========================================================================
Received Import Request.
  Time since last request: 34.627368 seconds.
  path: Assets/Game/BasicMenu 1.unity
  artifactKey: Guid(186f30f89140c25409ba5961969235af) Importer(815301076,1909f56bfc062723c751e8b465ee728b)
Start importing Assets/Game/BasicMenu 1.unity using Guid(186f30f89140c25409ba5961969235af) Importer(815301076,1909f56bfc062723c751e8b465ee728b)  -> (artifact id: '58830e8802913b53a96bbd9989739e8d') in 0.024578 seconds
  Import took 0.033671 seconds .

========================================================================
Received Prepare
Registering precompiled user dll's ...
Registered in 0.002316 seconds.
Begin MonoManager ReloadAssembly
Native extension for WindowsStandalone target not found
Native extension for OSXStandalone target not found
Native extension for WebGL target not found
Refreshing native plugins compatible for Editor in 0.61 ms, found 1 plugins.
Preloading 0 native plugins for Editor in 0.00 ms.
Mono: successfully reloaded assembly
- Completed reload, in  1.398 seconds
Platform modules already initialized, skipping
Refreshing native plugins compatible for Editor in 0.60 ms, found 1 plugins.
Preloading 0 native plugins for Editor in 0.00 ms.
Unloading 2132 Unused Serialized files (Serialized files now loaded: 0)
System memory in use before: 99.9 MB.
System memory in use after: 99.8 MB.

Unloading 12 unused Assets to reduce memory usage. Loaded Objects now: 2617.
Total: 4.016100 ms (FindLiveObjects: 0.378800 ms CreateObjectMapping: 0.148400 ms MarkObjects: 3.298800 ms  DeleteObjects: 0.188600 ms)

========================================================================
Received Prepare
Registering precompiled user dll's ...
Registered in 0.002399 seconds.
Begin MonoManager ReloadAssembly
Native extension for WindowsStandalone target not found
Native extension for OSXStandalone target not found
Native extension for WebGL target not found
Refreshing native plugins compatible for Editor in 0.59 ms, found 1 plugins.
Preloading 0 native plugins for Editor in 0.00 ms.
Mono: successfully reloaded assembly
- Completed reload, in  1.436 seconds
Platform modules already initialized, skipping
Refreshing native plugins compatible for Editor in 0.59 ms, found 1 plugins.
Preloading 0 native plugins for Editor in 0.00 ms.
Unloading 2132 Unused Serialized files (Serialized files now loaded: 0)
System memory in use before: 99.9 MB.
System memory in use after: 99.9 MB.

Unloading 12 unused Assets to reduce memory usage. Loaded Objects now: 2621.
Total: 3.668900 ms (FindLiveObjects: 0.320600 ms CreateObjectMapping: 0.223000 ms MarkObjects: 2.946900 ms  DeleteObjects: 0.176600 ms)

========================================================================
Received Prepare
Registering precompiled user dll's ...
Registered in 0.002078 seconds.
Begin MonoManager ReloadAssembly
Native extension for WindowsStandalone target not found
Native extension for OSXStandalone target not found
Native extension for WebGL target not found
Refreshing native plugins compatible for Editor in 0.78 ms, found 1 plugins.
Preloading 0 native plugins for Editor in 0.00 ms.
Mono: successfully reloaded assembly
- Completed reload, in  2.193 seconds
Platform modules already initialized, skipping
Refreshing native plugins compatible for Editor in 0.75 ms, found 1 plugins.
Preloading 0 native plugins for Editor in 0.00 ms.
Unloading 2132 Unused Serialized files (Serialized files now loaded: 0)
System memory in use before: 99.9 MB.
System memory in use after: 99.9 MB.

Unloading 12 unused Assets to reduce memory usage. Loaded Objects now: 2625.
Total: 4.242500 ms (FindLiveObjects: 0.351100 ms CreateObjectMapping: 0.160100 ms MarkObjects: 3.510400 ms  DeleteObjects: 0.218300 ms)

========================================================================
Received Import Request.
  Time since last request: 83.634780 seconds.
  path: Assets/Game/Game.unity
  artifactKey: Guid(2cda990e2423bbf4892e6590ba056729) Importer(815301076,1909f56bfc062723c751e8b465ee728b)
Start importing Assets/Game/Game.unity using Guid(2cda990e2423bbf4892e6590ba056729) Importer(815301076,1909f56bfc062723c751e8b465ee728b)  -> (artifact id: 'dc18ba552dc85d9553459b4f8ad35bbb') in 0.052206 seconds
  Import took 0.062018 seconds .

========================================================================
Received Prepare
Registering precompiled user dll's ...
Registered in 0.001763 seconds.
Begin MonoManager ReloadAssembly
Native extension for WindowsStandalone target not found
Native extension for OSXStandalone target not found
Native extension for WebGL target not found
Refreshing native plugins compatible for Editor in 0.81 ms, found 1 plugins.
Preloading 0 native plugins for Editor in 0.00 ms.
Mono: successfully reloaded assembly
- Completed reload, in  2.027 seconds
Platform modules already initialized, skipping
Refreshing native plugins compatible for Editor in 0.93 ms, found 1 plugins.
Preloading 0 native plugins for Editor in 0.00 ms.
Unloading 2132 Unused Serialized files (Serialized files now loaded: 0)
System memory in use before: 99.9 MB.
System memory in use after: 99.9 MB.

Unloading 12 unused Assets to reduce memory usage. Loaded Objects now: 2629.
Total: 6.149500 ms (FindLiveObjects: 0.446700 ms CreateObjectMapping: 0.196400 ms MarkObjects: 5.188200 ms  DeleteObjects: 0.315400 ms)

========================================================================
Received Prepare
Registering precompiled user dll's ...
Registered in 0.002247 seconds.
Begin MonoManager ReloadAssembly
Native extension for WindowsStandalone target not found
Native extension for OSXStandalone target not found
Native extension for WebGL target not found
Refreshing native plugins compatible for Editor in 0.91 ms, found 1 plugins.
Preloading 0 native plugins for Editor in 0.00 ms.
Mono: successfully reloaded assembly
- Completed reload, in  2.671 seconds
Platform modules already initialized, skipping
Refreshing native plugins compatible for Editor in 0.76 ms, found 1 plugins.
Preloading 0 native plugins for Editor in 0.00 ms.
Unloading 2132 Unused Serialized files (Serialized files now loaded: 0)
System memory in use before: 99.9 MB.
System memory in use after: 99.9 MB.

Unloading 12 unused Assets to reduce memory usage. Loaded Objects now: 2633.
Total: 3.831000 ms (FindLiveObjects: 0.286700 ms CreateObjectMapping: 0.147800 ms MarkObjects: 3.203700 ms  DeleteObjects: 0.191100 ms)

========================================================================
Received Import Request.
  Time since last request: 197.598450 seconds.
  path: Assets/Game/main.png
  artifactKey: Guid(f3d4d5195fd6e06418d240a89ba03237) Importer(815301076,1909f56bfc062723c751e8b465ee728b)
Start importing Assets/Game/main.png using Guid(f3d4d5195fd6e06418d240a89ba03237) Importer(815301076,1909f56bfc062723c751e8b465ee728b)  -> (artifact id: 'b0989fe9c3ee88cb839ddc00c6a84d84') in 0.107662 seconds
  Import took 0.115541 seconds .

========================================================================
Received Import Request.
  Time since last request: 16.327724 seconds.
  path: Assets/Game/main.png
  artifactKey: Guid(f3d4d5195fd6e06418d240a89ba03237) Importer(815301076,1909f56bfc062723c751e8b465ee728b)
Start importing Assets/Game/main.png using Guid(f3d4d5195fd6e06418d240a89ba03237) Importer(815301076,1909f56bfc062723c751e8b465ee728b)  -> (artifact id: '588fe911824faa9105a8284cd7eafce5') in 0.018193 seconds
  Import took 0.025427 seconds .

========================================================================
Received Import Request.
  Time since last request: 0.006360 seconds.
  path: Assets/Game/main.png
  artifactKey: Guid(f3d4d5195fd6e06418d240a89ba03237) Importer(815301076,1909f56bfc062723c751e8b465ee728b)
Start importing Assets/Game/main.png using Guid(f3d4d5195fd6e06418d240a89ba03237) Importer(815301076,1909f56bfc062723c751e8b465ee728b)  -> (artifact id: '588fe911824faa9105a8284cd7eafce5') in 0.024903 seconds
  Import took 0.033140 seconds .

========================================================================
Received Prepare
Registering precompiled user dll's ...
Registered in 0.001663 seconds.
Begin MonoManager ReloadAssembly
Native extension for WindowsStandalone target not found
Native extension for OSXStandalone target not found
Native extension for WebGL target not found
Refreshing native plugins compatible for Editor in 0.77 ms, found 1 plugins.
Preloading 0 native plugins for Editor in 0.00 ms.
Mono: successfully reloaded assembly
- Completed reload, in  2.207 seconds
Platform modules already initialized, skipping
Refreshing native plugins compatible for Editor in 0.86 ms, found 1 plugins.
Preloading 0 native plugins for Editor in 0.00 ms.
Unloading 2132 Unused Serialized files (Serialized files now loaded: 0)
System memory in use before: 99.9 MB.
System memory in use after: 99.9 MB.

Unloading 12 unused Assets to reduce memory usage. Loaded Objects now: 2638.
Total: 4.435800 ms (FindLiveObjects: 0.404300 ms CreateObjectMapping: 0.160100 ms MarkObjects: 3.652600 ms  DeleteObjects: 0.216000 ms)

